['11.xlsx', '22.xlsx', '33.xlsx', '44.xlsx', '55.xlsx', '66.xlsx', '77.xlsx', '88.xlsx', '99.xlsx']
FN151201
0 oi
0 oi
0 oi
0 oi
F75D1201
FN131201
F55A12A1
FCB11211
FCB11221
FTP11201
F56B12A3
F56B1201
F1251201
F19D1207
F1991207
F1231201
F7591201
F6721201
F54G1203
F19B1207
F75B1201
F1211201
F7541201
F05512A1
F0111201
F6741201
F5151201
nan
FN151201
F75D1201
0 oi
0 oi
0 oi
0 oi
FN131201
F55A12A1
FCB11211
FCB11221
FTP11201
F56B12A3
F56B1201
F1251201
F19D1207
F1991207
F1231201
F7591201
F6721201
F54G1203
F19B1207
F75B1201
F1211201
F7541201
F05512A1
F0111201
F6741201
F5151201
nan
FN151201
F75D1201
FN131201
0 oi
0 oi
0 oi
0 oi
0 oi
0 oi
0 oi
F55A12A1
FCB11211
FCB11221
FTP11201
F56B12A3
F56B1201
F1251201
F19D1207
F1991207
F1231201
F7591201
F6721201
F54G1203
F19B1207
F75B1201
F1211201
F7541201
F05512A1
F0111201
F6741201
F5151201
nan
FN151201
F75D1201
FN131201
F55A12A1
0 oi
0 oi
0 oi
0 oi
FCB11211
FCB11221
FTP11201
F56B12A3
F56B1201
F1251201
F19D1207
F1991207
F1231201
F7591201
F6721201
F54G1203
F19B1207
F75B1201
F1211201
F7541201
F05512A1
F0111201
F6741201
F5151201
nan
FN151201
F75D1201
FN131201
F55A12A1
FCB11211
0 oi
0 oi
0 oi
FCB11221
FTP11201
F56B12A3
F56B1201
F1251201
F19D1207
F1991207
F1231201
F7591201
F6721201
F54G1203
F19B1207
F75B1201
F1211201
F7541201
F05512A1
F0111201
F6741201
F5151201
nan
FN151201
F75D1201
FN131201
F55A12A1
FCB11211
FCB11221
1.0 oi
1.0 oi
FTP11201
F56B12A3
F56B1201
F1251201
F19D1207
F1991207
F1231201
F7591201
F6721201
F54G1203
F19B1207
F75B1201
F1211201
F7541201
F05512A1
F0111201
F6741201
F5151201
nan
FN151201
F75D1201
FN131201
F55A12A1
FCB11211
FCB11221
FTP11201
0 oi
F56B12A3
F56B1201
F1251201
F19D1207
F1991207
F1231201
F7591201
F6721201
F54G1203
F19B1207
F75B1201
F1211201
F7541201
F05512A1
F0111201
F6741201
F5151201
nan
FN151201
F75D1201
FN131201
F55A12A1
FCB11211
FCB11221
FTP11201
F56B12A3
530.0 oi
F56B1201
F1251201
F19D1207
F1991207
F1231201
F7591201
F6721201
F54G1203
F19B1207
F75B1201
F1211201
F7541201
F05512A1
F0111201
F6741201
F5151201
nan
FN151201
F75D1201
FN131201
F55A12A1
FCB11211
FCB11221
FTP11201
F56B12A3
F56B1201
nan oi
F1251201
F19D1207
F1991207
F1231201
F7591201
F6721201
F54G1203
F19B1207
F75B1201
F1211201
F7541201
F05512A1
F0111201
F6741201
F5151201
nan
FN151201
F75D1201
FN131201
F55A12A1
FCB11211
FCB11221
FTP11201
F56B12A3
F56B1201
F1251201
0 oi
0 oi
F19D1207
F1991207
F1231201
F7591201
F6721201
F54G1203
F19B1207
F75B1201
F1211201
F7541201
F05512A1
F0111201
F6741201
F5151201
nan
FN151201
F75D1201
FN131201
F55A12A1
FCB11211
FCB11221
FTP11201
F56B12A3
F56B1201
F1251201
F19D1207
236.0 oi
236.0 oi
F1991207
F1231201
F7591201
F6721201
F54G1203
F19B1207
F75B1201
F1211201
F7541201
F05512A1
F0111201
F6741201
F5151201
nan
FN151201
F75D1201
FN131201
F55A12A1
FCB11211
FCB11221
FTP11201
F56B12A3
F56B1201
F1251201
F19D1207
F1991207
0 oi
0 oi
0 oi
F1231201
F7591201
F6721201
F54G1203
F19B1207
F75B1201
F1211201
F7541201
F05512A1
F0111201
F6741201
F5151201
nan
FN151201
F75D1201
FN131201
F55A12A1
FCB11211
FCB11221
FTP11201
F56B12A3
F56B1201
F1251201
F19D1207
F1991207
F1231201
0 oi
0 oi
0 oi
0 oi
0 oi
0 oi
0 oi
0 oi
F7591201
F6721201
F54G1203
F19B1207
F75B1201
F1211201
F7541201
F05512A1
F0111201
F6741201
F5151201
nan
FN151201
F75D1201
FN131201
F55A12A1
FCB11211
FCB11221
FTP11201
F56B12A3
F56B1201
F1251201
F19D1207
F1991207
F1231201
F7591201
0 oi
0 oi
0 oi
F6721201
F54G1203
F19B1207
F75B1201
F1211201
F7541201
F05512A1
F0111201
F6741201
F5151201
nan
FN151201
F75D1201
FN131201
F55A12A1
FCB11211
FCB11221
FTP11201
F56B12A3
F56B1201
F1251201
F19D1207
F1991207
F1231201
F7591201
F6721201
0 oi
0 oi
F54G1203
F19B1207
F75B1201
F1211201
F7541201
F05512A1
F0111201
F6741201
F5151201
nan
FN151201
F75D1201
FN131201
F55A12A1
FCB11211
FCB11221
FTP11201
F56B12A3
F56B1201
F1251201
F19D1207
F1991207
F1231201
F7591201
F6721201
F54G1203
0 oi
0 oi
0 oi
F19B1207
F75B1201
F1211201
F7541201
F05512A1
F0111201
F6741201
F5151201
nan
FN151201
F75D1201
FN131201
F55A12A1
FCB11211
FCB11221
FTP11201
F56B12A3
F56B1201
F1251201
F19D1207
F1991207
F1231201
F7591201
F6721201
F54G1203
F19B1207
0 oi
0 oi
F75B1201
F1211201
F7541201
F05512A1
F0111201
F6741201
F5151201
nan
FN151201
F75D1201
FN131201
F55A12A1
FCB11211
FCB11221
FTP11201
F56B12A3
F56B1201
F1251201
F19D1207
F1991207
F1231201
F7591201
F6721201
F54G1203
F19B1207
F75B1201
164.0 oi
164.0 oi
164.0 oi
164.0 oi
164.0 oi
F1211201
F7541201
F05512A1
F0111201
F6741201
F5151201
nan
FN151201
F75D1201
FN131201
F55A12A1
FCB11211
FCB11221
FTP11201
F56B12A3
F56B1201
F1251201
F19D1207
F1991207
F1231201
F7591201
F6721201
F54G1203
F19B1207
F75B1201
F1211201
758.0 oi
758.0 oi
F7541201
F05512A1
F0111201
F6741201
F5151201
nan
FN151201
F75D1201
FN131201
F55A12A1
FCB11211
FCB11221
FTP11201
F56B12A3
F56B1201
F1251201
F19D1207
F1991207
F1231201
F7591201
F6721201
F54G1203
F19B1207
F75B1201
F1211201
F7541201
1910.0 oi
1910.0 oi
F05512A1
F0111201
F6741201
F5151201
nan
FN151201
F75D1201
FN131201
F55A12A1
FCB11211
FCB11221
FTP11201
F56B12A3
F56B1201
F1251201
F19D1207
F1991207
F1231201
F7591201
F6721201
F54G1203
F19B1207
F75B1201
F1211201
F7541201
F05512A1
0 oi
0 oi
F0111201
F6741201
F5151201
nan
FN151201
F75D1201
FN131201
F55A12A1
FCB11211
FCB11221
FTP11201
F56B12A3
F56B1201
F1251201
F19D1207
F1991207
F1231201
F7591201
F6721201
F54G1203
F19B1207
F75B1201
F1211201
F7541201
F05512A1
F0111201
0 oi
0 oi
0 oi
F6741201
F5151201
nan
FN151201
F75D1201
FN131201
F55A12A1
FCB11211
FCB11221
FTP11201
F56B12A3
F56B1201
F1251201
F19D1207
F1991207
F1231201
F7591201
F6721201
F54G1203
F19B1207
F75B1201
F1211201
F7541201
F05512A1
F0111201
F6741201
12.0 oi
12.0 oi
F5151201
nan
FN151201
F75D1201
FN131201
F55A12A1
FCB11211
FCB11221
FTP11201
F56B12A3
F56B1201
F1251201
F19D1207
F1991207
F1231201
F7591201
F6721201
F54G1203
F19B1207
F75B1201
F1211201
F7541201
F05512A1
F0111201
F6741201
F5151201
nan oi
nan
FN151201
F75D1201
FN131201
F55A12A1
FCB11211
FCB11221
FTP11201
F56B12A3
F56B1201
F1251201
F19D1207
F1991207
F1231201
F7591201
F6721201
F54G1203
F19B1207
F75B1201
F1211201
F7541201
F05512A1
F0111201
F6741201
F5151201
nan
{'Stock Amount': 7, 'Plant': 'BR08', 'Batch status key': '8.0', 'Blocked': '', 'Shelf life': '9999-12-31', 'Days': -2913704, 'Month': -97123.5, 'Limit sales date': '9999-04-05', 'Write off': 0}
{'Stock Amount': 1322, 'Plant': 'BR01', 'Batch status key': '4.0', 'Blocked': '', 'Shelf life': '2024-06-30', 'Days': -712, 'Month': -23.7, 'Limit sales date': '2023-10-04', 'Write off': 0}
{'Stock Amount': 825, 'Plant': 'BR08', 'Batch status key': '0.0', 'Blocked': '', 'Shelf life': '2024-06-30', 'Days': -712, 'Month': -23.7, 'Limit sales date': '2023-10-04', 'Write off': 0}
{'Stock Amount': 28, 'Plant': 'BR08', 'Batch status key': '0.0', 'Blocked': 28, 'Shelf life': '2024-03-31', 'Days': -621, 'Month': -20.7, 'Limit sales date': '2023-07-05', 'Write off': 0}
{'Stock Amount': 2, 'Plant': 'BR08', 'Batch status key': '8.0', 'Blocked': '', 'Shelf life': '9999-12-31', 'Days': -2913704, 'Month': -97123.5, 'Limit sales date': '9999-04-05', 'Write off': 0}
{'Stock Amount': 578, 'Plant': 'BR01', 'Batch status key': '4.0', 'Blocked': '', 'Shelf life': '2023-03-31', 'Days': -255, 'Month': -8.5, 'Limit sales date': '2022-07-04', 'Write off': 0}
{'Stock Amount': 776, 'Plant': 'BR01', 'Batch status key': '4.0', 'Blocked': '', 'Shelf life': '2023-03-31', 'Days': -255, 'Month': -8.5, 'Limit sales date': '2022-07-04', 'Write off': 0}
{'Stock Amount': 1653, 'Plant': 'BR08', 'Batch status key': '0.0', 'Blocked': '', 'Shelf life': '2023-03-31', 'Days': -255, 'Month': -8.5, 'Limit sales date': '2022-07-04', 'Write off': 0}
{'Stock Amount': 1, 'Plant': 'BR08', 'Batch status key': '8.0', 'Blocked': '', 'Shelf life': '2021-09-30', 'Days': 292, 'Month': 9.7, 'Limit sales date': '2021-01-03', 'Write off': 0}
{'Stock Amount': 3804, 'Plant': 'BR01', 'Batch status key': '4.0', 'Blocked': '', 'Shelf life': '2024-12-31', 'Days': -896, 'Month': -29.9, 'Limit sales date': '2024-04-05', 'Write off': 0}
{'Stock Amount': 6006, 'Plant': 'BR08', 'Batch status key': '9.0', 'Blocked': '', 'Shelf life': '2024-12-31', 'Days': -896, 'Month': -29.9, 'Limit sales date': '2024-04-05', 'Write off': 0}
{'Stock Amount': 339, 'Plant': 'BR08', 'Batch status key': '0.0', 'Blocked': 339, 'Shelf life': '2024-12-31', 'Days': -896, 'Month': -29.9, 'Limit sales date': '2024-04-05', 'Write off': 0}
{'Stock Amount': 6003, 'Plant': 'BR08', 'Batch status key': '0.0', 'Blocked': '', 'Shelf life': '2024-12-31', 'Days': -896, 'Month': -29.9, 'Limit sales date': '2024-04-05', 'Write off': 0}
{'Stock Amount': 6004, 'Plant': 'BR08', 'Batch status key': '0.0', 'Blocked': '', 'Shelf life': '2024-12-31', 'Days': -896, 'Month': -29.9, 'Limit sales date': '2024-04-05', 'Write off': 0}
{'Stock Amount': 2674, 'Plant': 'BR08', 'Batch status key': '0.0', 'Blocked': '', 'Shelf life': '2024-06-30', 'Days': -712, 'Month': -23.7, 'Limit sales date': '2023-10-04', 'Write off': 0}
{'Stock Amount': 7495, 'Plant': 'BR01', 'Batch status key': '4.0', 'Blocked': '', 'Shelf life': '2023-04-30', 'Days': -285, 'Month': -9.5, 'Limit sales date': '2022-08-03', 'Write off': 0}
{'Stock Amount': 10068, 'Plant': 'BR01', 'Batch status key': '3.0', 'Blocked': '', 'Shelf life': '2022-12-31', 'Days': -165, 'Month': -5.5, 'Limit sales date': '2022-04-05', 'Write off': 0}
{'Stock Amount': 6396, 'Plant': 'BR08', 'Batch status key': '0.0', 'Blocked': '', 'Shelf life': '2022-12-31', 'Days': -165, 'Month': -5.5, 'Limit sales date': '2022-04-05', 'Write off': 0}
{'Stock Amount': 2534, 'Plant': 'BR01', 'Batch status key': '3.0', 'Blocked': '', 'Shelf life': '2022-08-31', 'Days': -43, 'Month': -1.4, 'Limit sales date': '2021-12-04', 'Write off': 0}
{'Stock Amount': 441, 'Plant': 'BR01', 'Batch status key': '4.0', 'Blocked': '', 'Shelf life': '2023-12-31', 'Days': -530, 'Month': -17.7, 'Limit sales date': '2023-04-05', 'Write off': 0}
{'Stock Amount': 361, 'Plant': 'BR08', 'Batch status key': '0.0', 'Blocked': '', 'Shelf life': '2023-08-31', 'Days': -408, 'Month': -13.6, 'Limit sales date': '2022-12-04', 'Write off': 0}
{'Stock Amount': 48, 'Plant': 'BR08', 'Batch status key': '0.0', 'Blocked': '', 'Shelf life': '2023-08-31', 'Days': -408, 'Month': -13.6, 'Limit sales date': '2022-12-04', 'Write off': 0}
{'Stock Amount': 10, 'Plant': 'BR08', 'Batch status key': '0.0', 'Blocked': '', 'Shelf life': '2023-08-31', 'Days': -408, 'Month': -13.6, 'Limit sales date': '2023-08-31', 'Write off': 1.0}
{'Stock Amount': 1, 'Plant': 'BR08', 'Batch status key': '6.0', 'Blocked': '', 'Shelf life': '2021-04-30', 'Days': 445, 'Month': 14.8, 'Limit sales date': '2021-04-30', 'Write off': 1.0}
{'Stock Amount': 44, 'Plant': 'BR08', 'Batch status key': '0.0', 'Blocked': '', 'Shelf life': '2024-01-31', 'Days': -561, 'Month': -18.7, 'Limit sales date': '2023-05-06', 'Write off': 0}
{'Stock Amount': 4327, 'Plant': 'BR08', 'Batch status key': '0.0', 'Blocked': '', 'Shelf life': '2024-02-28', 'Days': -589, 'Month': -19.6, 'Limit sales date': '2023-06-03', 'Write off': 530.0}
{'Stock Amount': 47, 'Plant': 'BR08', 'Batch status key': '0.0', 'Blocked': 47, 'Shelf life': '2022-01-31', 'Days': 169, 'Month': 5.6, 'Limit sales date': '2021-05-06', 'Write off': nan}
{'Stock Amount': 4850, 'Plant': 'BR08', 'Batch status key': '9.0', 'Blocked': '', 'Shelf life': '2023-04-30', 'Days': -285, 'Month': -9.5, 'Limit sales date': '2022-08-03', 'Write off': 0}
{'Stock Amount': 1222, 'Plant': 'BR08', 'Batch status key': '0.0', 'Blocked': '', 'Shelf life': '2023-03-31', 'Days': -255, 'Month': -8.5, 'Limit sales date': '2022-07-04', 'Write off': 0}
{'Stock Amount': 1103, 'Plant': 'BR08', 'Batch status key': '0.0', 'Blocked': '', 'Shelf life': '2023-04-30', 'Days': -285, 'Month': -9.5, 'Limit sales date': '2022-08-03', 'Write off': 236.0}
{'Stock Amount': 721, 'Plant': 'BR08', 'Batch status key': '0.0', 'Blocked': '', 'Shelf life': '2022-10-31', 'Days': -104, 'Month': -3.5, 'Limit sales date': '2022-02-03', 'Write off': 236.0}
{'Stock Amount': 1923, 'Plant': 'BR01', 'Batch status key': '4.0', 'Blocked': '', 'Shelf life': '2023-03-31', 'Days': -255, 'Month': -8.5, 'Limit sales date': '2022-07-04', 'Write off': 0}
{'Stock Amount': 2199, 'Plant': 'BR08', 'Batch status key': '0.0', 'Blocked': '', 'Shelf life': '2023-03-31', 'Days': -255, 'Month': -8.5, 'Limit sales date': '2022-07-04', 'Write off': 0}
{'Stock Amount': 1588, 'Plant': 'BR08', 'Batch status key': '0.0', 'Blocked': '', 'Shelf life': '2023-02-28', 'Days': -224, 'Month': -7.5, 'Limit sales date': '2022-06-03', 'Write off': 0}
{'Stock Amount': 2624, 'Plant': 'BR08', 'Batch status key': '0.0', 'Blocked': '', 'Shelf life': '2023-02-28', 'Days': -224, 'Month': -7.5, 'Limit sales date': '2022-06-03', 'Write off': 0}
{'Stock Amount': 2330, 'Plant': 'BR08', 'Batch status key': '0.0', 'Blocked': '', 'Shelf life': '2023-02-28', 'Days': -224, 'Month': -7.5, 'Limit sales date': '2022-06-03', 'Write off': 0}
{'Stock Amount': 710, 'Plant': 'BR01', 'Batch status key': '4.0', 'Blocked': '', 'Shelf life': '2022-10-31', 'Days': -104, 'Month': -3.5, 'Limit sales date': '2022-02-03', 'Write off': 0}
{'Stock Amount': 1010, 'Plant': 'BR01', 'Batch status key': '3.0', 'Blocked': '', 'Shelf life': '2022-10-31', 'Days': -104, 'Month': -3.5, 'Limit sales date': '2022-02-03', 'Write off': 0}
{'Stock Amount': 2020, 'Plant': 'BR01', 'Batch status key': '3.0', 'Blocked': '', 'Shelf life': '2022-10-31', 'Days': -104, 'Month': -3.5, 'Limit sales date': '2022-02-03', 'Write off': 0}
{'Stock Amount': 114, 'Plant': 'BR08', 'Batch status key': '0.0', 'Blocked': '', 'Shelf life': '2022-10-31', 'Days': -104, 'Month': -3.5, 'Limit sales date': '2022-02-03', 'Write off': 0}
{'Stock Amount': 79, 'Plant': 'BR08', 'Batch status key': '8.0', 'Blocked': '', 'Shelf life': '2020-05-31', 'Days': 779, 'Month': 26.0, 'Limit sales date': '2019-09-04', 'Write off': 0}
{'Stock Amount': 2, 'Plant': 'BR08', 'Batch status key': '8.0', 'Blocked': '', 'Shelf life': '2020-04-30', 'Days': 810, 'Month': 27.0, 'Limit sales date': '2019-08-04', 'Write off': 0}
{'Stock Amount': 8541, 'Plant': 'BR08', 'Batch status key': '9.0', 'Blocked': '', 'Shelf life': '2023-03-31', 'Days': -255, 'Month': -8.5, 'Limit sales date': '2022-07-04', 'Write off': 0}
{'Stock Amount': 4287, 'Plant': 'BR08', 'Batch status key': '0.0', 'Blocked': '', 'Shelf life': '2023-03-31', 'Days': -255, 'Month': -8.5, 'Limit sales date': '2022-07-04', 'Write off': 0}
{'Stock Amount': 58, 'Plant': 'BR08', 'Batch status key': '0.0', 'Blocked': '', 'Shelf life': '2022-10-31', 'Days': -104, 'Month': -3.5, 'Limit sales date': '2022-02-03', 'Write off': 0}
{'Stock Amount': 15, 'Plant': 'BR08', 'Batch status key': '0.0', 'Blocked': '', 'Shelf life': '2023-01-31', 'Days': -196, 'Month': -6.5, 'Limit sales date': '2022-11-02', 'Write off': 0}
{'Stock Amount': 9, 'Plant': 'BR08', 'Batch status key': '0.0', 'Blocked': '', 'Shelf life': '2022-11-30', 'Days': -134, 'Month': -4.5, 'Limit sales date': '2022-09-01', 'Write off': 0}
{'Stock Amount': 1126, 'Plant': 'BR01', 'Batch status key': '4.0', 'Blocked': '', 'Shelf life': '2022-11-30', 'Days': -134, 'Month': -4.5, 'Limit sales date': '2022-03-05', 'Write off': 0}
{'Stock Amount': 3399, 'Plant': 'BR08', 'Batch status key': '0.0', 'Blocked': '', 'Shelf life': '2022-11-30', 'Days': -134, 'Month': -4.5, 'Limit sales date': '2022-03-05', 'Write off': 0}
{'Stock Amount': 693, 'Plant': 'BR08', 'Batch status key': '0.0', 'Blocked': '', 'Shelf life': '2022-11-30', 'Days': -134, 'Month': -4.5, 'Limit sales date': '2022-03-05', 'Write off': 0}
{'Stock Amount': 444, 'Plant': 'BR08', 'Batch status key': '0.0', 'Blocked': '', 'Shelf life': '2023-01-31', 'Days': -196, 'Month': -6.5, 'Limit sales date': '2022-05-06', 'Write off': 0}
{'Stock Amount': 16, 'Plant': 'BR08', 'Batch status key': '0.0', 'Blocked': 16, 'Shelf life': '2022-06-30', 'Days': 19, 'Month': 0.6, 'Limit sales date': '2021-10-03', 'Write off': 0}
{'Stock Amount': 414, 'Plant': 'BR08', 'Batch status key': '0.0', 'Blocked': 57, 'Shelf life': '2022-09-30', 'Days': -73, 'Month': -2.4, 'Limit sales date': '2022-01-03', 'Write off': 164.0}
{'Stock Amount': 531, 'Plant': 'BR08', 'Batch status key': '0.0', 'Blocked': 457, 'Shelf life': '2022-07-31', 'Days': -12, 'Month': -0.4, 'Limit sales date': '2021-11-03', 'Write off': 164.0}
{'Stock Amount': 192, 'Plant': 'BR08', 'Batch status key': '0.0', 'Blocked': '', 'Shelf life': '2022-07-31', 'Days': -12, 'Month': -0.4, 'Limit sales date': '2021-11-03', 'Write off': 164.0}
{'Stock Amount': 321, 'Plant': 'BR08', 'Batch status key': '0.0', 'Blocked': 321, 'Shelf life': '2022-03-31', 'Days': 110, 'Month': 3.7, 'Limit sales date': '2021-07-04', 'Write off': 164.0}
{'Stock Amount': 213, 'Plant': 'BR08', 'Batch status key': '0.0', 'Blocked': 213, 'Shelf life': '2022-03-31', 'Days': 110, 'Month': 3.7, 'Limit sales date': '2021-07-04', 'Write off': 164.0}
{'Stock Amount': 613, 'Plant': 'BR01', 'Batch status key': '4.0', 'Blocked': '', 'Shelf life': '2022-10-31', 'Days': -104, 'Month': -3.5, 'Limit sales date': '2022-02-03', 'Write off': 758.0}
{'Stock Amount': 936, 'Plant': 'BR08', 'Batch status key': '0.0', 'Blocked': '', 'Shelf life': '2022-10-31', 'Days': -104, 'Month': -3.5, 'Limit sales date': '2022-02-03', 'Write off': 758.0}
{'Stock Amount': 858, 'Plant': 'BR08', 'Batch status key': '0.0', 'Blocked': '', 'Shelf life': '2023-01-31', 'Days': -196, 'Month': -6.5, 'Limit sales date': '2022-05-06', 'Write off': 1910.0}
{'Stock Amount': 3077, 'Plant': 'BR08', 'Batch status key': '0.0', 'Blocked': 3077, 'Shelf life': '2022-02-28', 'Days': 141, 'Month': 4.7, 'Limit sales date': '2021-06-03', 'Write off': 1910.0}
{'Stock Amount': 235, 'Plant': 'BR08', 'Batch status key': '0.0', 'Blocked': '', 'Shelf life': '2023-04-30', 'Days': -285, 'Month': -9.5, 'Limit sales date': '2022-05-05', 'Write off': 0}
{'Stock Amount': 14, 'Plant': 'BR08', 'Batch status key': '0.0', 'Blocked': 14, 'Shelf life': '2022-12-31', 'Days': -165, 'Month': -5.5, 'Limit sales date': '2022-01-05', 'Write off': 0}
{'Stock Amount': 1280, 'Plant': 'BR01', 'Batch status key': '4.0', 'Blocked': '', 'Shelf life': '2023-10-31', 'Days': -469, 'Month': -15.6, 'Limit sales date': '2023-02-03', 'Write off': 0}
{'Stock Amount': 227, 'Plant': 'BR01', 'Batch status key': '4.0', 'Blocked': '', 'Shelf life': '2023-10-31', 'Days': -469, 'Month': -15.6, 'Limit sales date': '2023-02-03', 'Write off': 0}
{'Stock Amount': 2068, 'Plant': 'BR08', 'Batch status key': '0.0', 'Blocked': '', 'Shelf life': '2023-10-31', 'Days': -469, 'Month': -15.6, 'Limit sales date': '2023-02-03', 'Write off': 0}
{'Stock Amount': 33, 'Plant': 'BR08', 'Batch status key': '0.0', 'Blocked': '', 'Shelf life': '2022-09-30', 'Days': -73, 'Month': -2.4, 'Limit sales date': '2022-07-02', 'Write off': 12.0}
{'Stock Amount': 49, 'Plant': 'BR08', 'Batch status key': '0.0', 'Blocked': '', 'Shelf life': '2022-09-30', 'Days': -73, 'Month': -2.4, 'Limit sales date': '2022-07-02', 'Write off': 12.0}
{'Stock Amount': 43, 'Plant': 'BR08', 'Batch status key': '0.0', 'Blocked': '', 'Shelf life': '2022-11-30', 'Days': -134, 'Month': -4.5, 'Limit sales date': '2022-03-05', 'Write off': nan}
